<?xml version="1.0" encoding="UTF-8"?>
<!-- Generated by org.testng.reporters.JUnitReportReporter -->
<testsuite hostname="LTIN203784" failures="0" tests="3" name="testCases.TC_003_UpcomingBikes" time="23.527" errors="0" timestamp="28 Feb 2024 11:35:56 GMT">
  <testcase classname="testCases.TC_003_UpcomingBikes" name="TC_03_extractHondaBikes" time="9.347"/>
  <testcase classname="testCases.TC_003_UpcomingBikes" name="HondaManufacturer" time="5.994"/>
  <testcase classname="testCases.TC_003_UpcomingBikes" name="HondaEncode2" time="8.186"/>
</testsuite> <!-- testCases.TC_003_UpcomingBikes -->
