<?xml version="1.0" encoding="UTF-8"?>
<!-- Generated by org.testng.reporters.JUnitReportReporter -->
<testsuite hostname="LTIN203784" failures="0" tests="1" name="testCases.TC_002_AllBikesValidation" time="30.476" errors="0" timestamp="28 Feb 2024 11:35:56 GMT">
  <testcase classname="testCases.TC_002_AllBikesValidation" name="HondaUnder4Lakhs" time="30.476"/>
</testsuite> <!-- testCases.TC_002_AllBikesValidation -->
