<?xml version="1.0" encoding="UTF-8"?>
<!-- Generated by org.testng.reporters.JUnitReportReporter -->
<testsuite hostname="LTIN203784" failures="0" tests="1" name="testCases.TC_4_passwordValid" time="9.497" errors="0" timestamp="20 Feb 2024 05:19:10 GMT">
  <testcase classname="testCases.TC_4_passwordValid" name="validate" time="9.497"/>
</testsuite> <!-- testCases.TC_4_passwordValid -->
