<?xml version="1.0" encoding="UTF-8"?>
<!-- Generated by org.testng.reporters.JUnitReportReporter -->
<testsuite hostname="LTIN203784" failures="0" tests="1" name="testCases.TC_005_CarsInChennai" time="27.175" errors="0" timestamp="28 Feb 2024 11:35:56 GMT">
  <testcase classname="testCases.TC_005_CarsInChennai" name="usedcars" time="27.175"/>
</testsuite> <!-- testCases.TC_005_CarsInChennai -->
