<?xml version="1.0" encoding="UTF-8"?>
<!-- Generated by org.testng.reporters.JUnitReportReporter -->
<testsuite hostname="LTIN203784" failures="0" tests="2" name="testCases.HondaBrands" time="21.672" errors="0" timestamp="15 Feb 2024 07:26:50 GMT">
  <testcase classname="testCases.HondaBrands" name="HondaEncode" time="15.292"/>
  <testcase classname="testCases.HondaBrands" name="HondaDecode" time="6.380"/>
</testsuite> <!-- testCases.HondaBrands -->
